The system is: Linux - 3.10.0-862.9.1.el7.x86_64 - x86_64
Compiling the C compiler identification source file "CMakeCCompilerId.c" succeeded.
Compiler: /cvmfs/cms.cern.ch/slc7_amd64_gcc630/external/gcc/6.3.0/bin/cc 
Build flags: 
Id flags:  

The output was:
0


Compilation of the C compiler identification source "CMakeCCompilerId.c" produced "a.out"

The C compiler identification is GNU, found in "/afs/cern.ch/user/m/mbarbone/private/test-regression/debug/CMakeFiles/3.11.1/CompilerIdC/a.out"

Compiling the CXX compiler identification source file "CMakeCXXCompilerId.cpp" succeeded.
Compiler: /cvmfs/cms.cern.ch/slc7_amd64_gcc630/external/gcc/6.3.0/bin/c++ 
Build flags: 
Id flags:  

The output was:
0


Compilation of the CXX compiler identification source "CMakeCXXCompilerId.cpp" produced "a.out"

The CXX compiler identification is GNU, found in "/afs/cern.ch/user/m/mbarbone/private/test-regression/debug/CMakeFiles/3.11.1/CompilerIdCXX/a.out"

Determining if the C compiler works passed with the following output:
Change Dir: /afs/cern.ch/user/m/mbarbone/private/test-regression/debug/CMakeFiles/CMakeTmp

Run Build Command:"/usr/bin/gmake" "cmTC_abdb0/fast"
/usr/bin/gmake -f CMakeFiles/cmTC_abdb0.dir/build.make CMakeFiles/cmTC_abdb0.dir/build
gmake[1]: Entering directory `/afs/cern.ch/user/m/mbarbone/private/test-regression/debug/CMakeFiles/CMakeTmp'
Building C object CMakeFiles/cmTC_abdb0.dir/testCCompiler.c.o
/cvmfs/cms.cern.ch/slc7_amd64_gcc630/external/gcc/6.3.0/bin/cc    -o CMakeFiles/cmTC_abdb0.dir/testCCompiler.c.o   -c /afs/cern.ch/user/m/mbarbone/private/test-regression/debug/CMakeFiles/CMakeTmp/testCCompiler.c
Linking C executable cmTC_abdb0
/data/user/vkhriste/cmake-3.11.1-Linux-x86_64/bin/cmake -E cmake_link_script CMakeFiles/cmTC_abdb0.dir/link.txt --verbose=1
/cvmfs/cms.cern.ch/slc7_amd64_gcc630/external/gcc/6.3.0/bin/cc      CMakeFiles/cmTC_abdb0.dir/testCCompiler.c.o  -o cmTC_abdb0 
gmake[1]: Leaving directory `/afs/cern.ch/user/m/mbarbone/private/test-regression/debug/CMakeFiles/CMakeTmp'


Detecting C compiler ABI info compiled with the following output:
Change Dir: /afs/cern.ch/user/m/mbarbone/private/test-regression/debug/CMakeFiles/CMakeTmp

Run Build Command:"/usr/bin/gmake" "cmTC_6e907/fast"
/usr/bin/gmake -f CMakeFiles/cmTC_6e907.dir/build.make CMakeFiles/cmTC_6e907.dir/build
gmake[1]: Entering directory `/afs/cern.ch/user/m/mbarbone/private/test-regression/debug/CMakeFiles/CMakeTmp'
Building C object CMakeFiles/cmTC_6e907.dir/CMakeCCompilerABI.c.o
/cvmfs/cms.cern.ch/slc7_amd64_gcc630/external/gcc/6.3.0/bin/cc    -o CMakeFiles/cmTC_6e907.dir/CMakeCCompilerABI.c.o   -c /data/user/vkhriste/cmake-3.11.1-Linux-x86_64/share/cmake-3.11/Modules/CMakeCCompilerABI.c
Linking C executable cmTC_6e907
/data/user/vkhriste/cmake-3.11.1-Linux-x86_64/bin/cmake -E cmake_link_script CMakeFiles/cmTC_6e907.dir/link.txt --verbose=1
/cvmfs/cms.cern.ch/slc7_amd64_gcc630/external/gcc/6.3.0/bin/cc     -v CMakeFiles/cmTC_6e907.dir/CMakeCCompilerABI.c.o  -o cmTC_6e907 
Using built-in specs.
COLLECT_GCC=/cvmfs/cms.cern.ch/slc7_amd64_gcc630/external/gcc/6.3.0/bin/cc
COLLECT_LTO_WRAPPER=/cvmfs/cms.cern.ch/slc7_amd64_gcc630/external/gcc/6.3.0/bin/../libexec/gcc/x86_64-unknown-linux-gnu/6.3.0/lto-wrapper
Target: x86_64-unknown-linux-gnu
Configured with: ../configure --prefix=/build/davidlt/b/tmp/BUILDROOT/81ba3d1519d143a9fdd7a80ab404d079/opt/cmssw/slc7_amd64_gcc630/external/gcc/6.3.0 --disable-multilib --disable-nls --disable-dssi --enable-languages=c,c++,fortran --enable-gnu-indirect-function --enable-__cxa_atexit --disable-libunwind-exceptions --enable-gnu-unique-object --enable-plugin --with-linker-hash-style=gnu --enable-linker-build-id --enable-ld=default --enable-lto --enable-gold=yes --with-gmp=/build/davidlt/b/tmp/BUILDROOT/81ba3d1519d143a9fdd7a80ab404d079/opt/cmssw/slc7_amd64_gcc630/external/gcc/6.3.0 --with-mpfr=/build/davidlt/b/tmp/BUILDROOT/81ba3d1519d143a9fdd7a80ab404d079/opt/cmssw/slc7_amd64_gcc630/external/gcc/6.3.0 --enable-bootstrap --with-mpc=/build/davidlt/b/tmp/BUILDROOT/81ba3d1519d143a9fdd7a80ab404d079/opt/cmssw/slc7_amd64_gcc630/external/gcc/6.3.0 --with-isl=/build/davidlt/b/tmp/BUILDROOT/81ba3d1519d143a9fdd7a80ab404d079/opt/cmssw/slc7_amd64_gcc630/external/gcc/6.3.0 --enable-checking=release --build=x86_64-unknown-linux-gnu --host=x86_64-unknown-linux-gnu --enable-libstdcxx-time=rt --enable-shared --disable-libgcj CC='gcc -fPIC' CXX='c++ -fPIC' CPP=cpp CXXCPP='c++ -E' CFLAGS=-I/build/davidlt/b/tmp/BUILDROOT/81ba3d1519d143a9fdd7a80ab404d079/opt/cmssw/slc7_amd64_gcc630/external/gcc/6.3.0/tmp/sw/include CXXFLAGS=-I/build/davidlt/b/tmp/BUILDROOT/81ba3d1519d143a9fdd7a80ab404d079/opt/cmssw/slc7_amd64_gcc630/external/gcc/6.3.0/tmp/sw/include LDFLAGS=-L/build/davidlt/b/tmp/BUILDROOT/81ba3d1519d143a9fdd7a80ab404d079/opt/cmssw/slc7_amd64_gcc630/external/gcc/6.3.0/tmp/sw/lib
Thread model: posix
gcc version 6.3.0 (GCC) 
COMPILER_PATH=/cvmfs/cms.cern.ch/slc7_amd64_gcc630/external/gcc/6.3.0/bin/../libexec/gcc/x86_64-unknown-linux-gnu/6.3.0/:/cvmfs/cms.cern.ch/slc7_amd64_gcc630/external/gcc/6.3.0/bin/../libexec/gcc/:/cvmfs/cms.cern.ch/slc7_amd64_gcc630/external/gcc/6.3.0/bin/../lib/gcc/x86_64-unknown-linux-gnu/6.3.0/../../../../x86_64-unknown-linux-gnu/bin/
LIBRARY_PATH=/cvmfs/cms.cern.ch/slc7_amd64_gcc630/external/gcc/6.3.0/bin/../lib/gcc/x86_64-unknown-linux-gnu/6.3.0/:/cvmfs/cms.cern.ch/slc7_amd64_gcc630/external/gcc/6.3.0/bin/../lib/gcc/:/cvmfs/cms.cern.ch/slc7_amd64_gcc630/external/gcc/6.3.0/bin/../lib/gcc/x86_64-unknown-linux-gnu/6.3.0/../../../../lib64/:/lib/../lib64/:/usr/lib/../lib64/:/cvmfs/cms.cern.ch/slc7_amd64_gcc630/external/gcc/6.3.0/bin/../lib/gcc/x86_64-unknown-linux-gnu/6.3.0/../../../../x86_64-unknown-linux-gnu/lib/:/cvmfs/cms.cern.ch/slc7_amd64_gcc630/external/gcc/6.3.0/bin/../lib/gcc/x86_64-unknown-linux-gnu/6.3.0/../../../:/lib/:/usr/lib/
COLLECT_GCC_OPTIONS='-v' '-o' 'cmTC_6e907' '-mtune=generic' '-march=x86-64'
 /cvmfs/cms.cern.ch/slc7_amd64_gcc630/external/gcc/6.3.0/bin/../libexec/gcc/x86_64-unknown-linux-gnu/6.3.0/collect2 -plugin /cvmfs/cms.cern.ch/slc7_amd64_gcc630/external/gcc/6.3.0/bin/../libexec/gcc/x86_64-unknown-linux-gnu/6.3.0/liblto_plugin.so -plugin-opt=/cvmfs/cms.cern.ch/slc7_amd64_gcc630/external/gcc/6.3.0/bin/../libexec/gcc/x86_64-unknown-linux-gnu/6.3.0/lto-wrapper -plugin-opt=-fresolution=/tmp/mbarbone/cc3yTtTR.res -plugin-opt=-pass-through=-lgcc -plugin-opt=-pass-through=-lgcc_s -plugin-opt=-pass-through=-lc -plugin-opt=-pass-through=-lgcc -plugin-opt=-pass-through=-lgcc_s --build-id --eh-frame-hdr --hash-style=gnu -m elf_x86_64 -dynamic-linker /lib64/ld-linux-x86-64.so.2 -z common-page-size=4096 -z max-page-size=4096 -o cmTC_6e907 /lib/../lib64/crt1.o /lib/../lib64/crti.o /cvmfs/cms.cern.ch/slc7_amd64_gcc630/external/gcc/6.3.0/bin/../lib/gcc/x86_64-unknown-linux-gnu/6.3.0/crtbegin.o -L/cvmfs/cms.cern.ch/slc7_amd64_gcc630/external/gcc/6.3.0/bin/../lib/gcc/x86_64-unknown-linux-gnu/6.3.0 -L/cvmfs/cms.cern.ch/slc7_amd64_gcc630/external/gcc/6.3.0/bin/../lib/gcc -L/cvmfs/cms.cern.ch/slc7_amd64_gcc630/external/gcc/6.3.0/bin/../lib/gcc/x86_64-unknown-linux-gnu/6.3.0/../../../../lib64 -L/lib/../lib64 -L/usr/lib/../lib64 -L/cvmfs/cms.cern.ch/slc7_amd64_gcc630/external/gcc/6.3.0/bin/../lib/gcc/x86_64-unknown-linux-gnu/6.3.0/../../../../x86_64-unknown-linux-gnu/lib -L/cvmfs/cms.cern.ch/slc7_amd64_gcc630/external/gcc/6.3.0/bin/../lib/gcc/x86_64-unknown-linux-gnu/6.3.0/../../.. CMakeFiles/cmTC_6e907.dir/CMakeCCompilerABI.c.o -lgcc --as-needed -lgcc_s --no-as-needed -lc -lgcc --as-needed -lgcc_s --no-as-needed /cvmfs/cms.cern.ch/slc7_amd64_gcc630/external/gcc/6.3.0/bin/../lib/gcc/x86_64-unknown-linux-gnu/6.3.0/crtend.o /lib/../lib64/crtn.o
COLLECT_GCC_OPTIONS='-v' '-o' 'cmTC_6e907' '-mtune=generic' '-march=x86-64'
gmake[1]: Leaving directory `/afs/cern.ch/user/m/mbarbone/private/test-regression/debug/CMakeFiles/CMakeTmp'


Parsed C implicit link information from above output:
  link line regex: [^( *|.*[/\])(ld|CMAKE_LINK_STARTFILE-NOTFOUND|([^/\]+-)?ld|collect2)[^/\]*( |$)]
  ignore line: [Change Dir: /afs/cern.ch/user/m/mbarbone/private/test-regression/debug/CMakeFiles/CMakeTmp]
  ignore line: []
  ignore line: [Run Build Command:"/usr/bin/gmake" "cmTC_6e907/fast"]
  ignore line: [/usr/bin/gmake -f CMakeFiles/cmTC_6e907.dir/build.make CMakeFiles/cmTC_6e907.dir/build]
  ignore line: [gmake[1]: Entering directory `/afs/cern.ch/user/m/mbarbone/private/test-regression/debug/CMakeFiles/CMakeTmp']
  ignore line: [Building C object CMakeFiles/cmTC_6e907.dir/CMakeCCompilerABI.c.o]
  ignore line: [/cvmfs/cms.cern.ch/slc7_amd64_gcc630/external/gcc/6.3.0/bin/cc    -o CMakeFiles/cmTC_6e907.dir/CMakeCCompilerABI.c.o   -c /data/user/vkhriste/cmake-3.11.1-Linux-x86_64/share/cmake-3.11/Modules/CMakeCCompilerABI.c]
  ignore line: [Linking C executable cmTC_6e907]
  ignore line: [/data/user/vkhriste/cmake-3.11.1-Linux-x86_64/bin/cmake -E cmake_link_script CMakeFiles/cmTC_6e907.dir/link.txt --verbose=1]
  ignore line: [/cvmfs/cms.cern.ch/slc7_amd64_gcc630/external/gcc/6.3.0/bin/cc     -v CMakeFiles/cmTC_6e907.dir/CMakeCCompilerABI.c.o  -o cmTC_6e907 ]
  ignore line: [Using built-in specs.]
  ignore line: [COLLECT_GCC=/cvmfs/cms.cern.ch/slc7_amd64_gcc630/external/gcc/6.3.0/bin/cc]
  ignore line: [COLLECT_LTO_WRAPPER=/cvmfs/cms.cern.ch/slc7_amd64_gcc630/external/gcc/6.3.0/bin/../libexec/gcc/x86_64-unknown-linux-gnu/6.3.0/lto-wrapper]
  ignore line: [Target: x86_64-unknown-linux-gnu]
  ignore line: [Configured with: ../configure --prefix=/build/davidlt/b/tmp/BUILDROOT/81ba3d1519d143a9fdd7a80ab404d079/opt/cmssw/slc7_amd64_gcc630/external/gcc/6.3.0 --disable-multilib --disable-nls --disable-dssi --enable-languages=c,c++,fortran --enable-gnu-indirect-function --enable-__cxa_atexit --disable-libunwind-exceptions --enable-gnu-unique-object --enable-plugin --with-linker-hash-style=gnu --enable-linker-build-id --enable-ld=default --enable-lto --enable-gold=yes --with-gmp=/build/davidlt/b/tmp/BUILDROOT/81ba3d1519d143a9fdd7a80ab404d079/opt/cmssw/slc7_amd64_gcc630/external/gcc/6.3.0 --with-mpfr=/build/davidlt/b/tmp/BUILDROOT/81ba3d1519d143a9fdd7a80ab404d079/opt/cmssw/slc7_amd64_gcc630/external/gcc/6.3.0 --enable-bootstrap --with-mpc=/build/davidlt/b/tmp/BUILDROOT/81ba3d1519d143a9fdd7a80ab404d079/opt/cmssw/slc7_amd64_gcc630/external/gcc/6.3.0 --with-isl=/build/davidlt/b/tmp/BUILDROOT/81ba3d1519d143a9fdd7a80ab404d079/opt/cmssw/slc7_amd64_gcc630/external/gcc/6.3.0 --enable-checking=release --build=x86_64-unknown-linux-gnu --host=x86_64-unknown-linux-gnu --enable-libstdcxx-time=rt --enable-shared --disable-libgcj CC='gcc -fPIC' CXX='c++ -fPIC' CPP=cpp CXXCPP='c++ -E' CFLAGS=-I/build/davidlt/b/tmp/BUILDROOT/81ba3d1519d143a9fdd7a80ab404d079/opt/cmssw/slc7_amd64_gcc630/external/gcc/6.3.0/tmp/sw/include CXXFLAGS=-I/build/davidlt/b/tmp/BUILDROOT/81ba3d1519d143a9fdd7a80ab404d079/opt/cmssw/slc7_amd64_gcc630/external/gcc/6.3.0/tmp/sw/include LDFLAGS=-L/build/davidlt/b/tmp/BUILDROOT/81ba3d1519d143a9fdd7a80ab404d079/opt/cmssw/slc7_amd64_gcc630/external/gcc/6.3.0/tmp/sw/lib]
  ignore line: [Thread model: posix]
  ignore line: [gcc version 6.3.0 (GCC) ]
  ignore line: [COMPILER_PATH=/cvmfs/cms.cern.ch/slc7_amd64_gcc630/external/gcc/6.3.0/bin/../libexec/gcc/x86_64-unknown-linux-gnu/6.3.0/:/cvmfs/cms.cern.ch/slc7_amd64_gcc630/external/gcc/6.3.0/bin/../libexec/gcc/:/cvmfs/cms.cern.ch/slc7_amd64_gcc630/external/gcc/6.3.0/bin/../lib/gcc/x86_64-unknown-linux-gnu/6.3.0/../../../../x86_64-unknown-linux-gnu/bin/]
  ignore line: [LIBRARY_PATH=/cvmfs/cms.cern.ch/slc7_amd64_gcc630/external/gcc/6.3.0/bin/../lib/gcc/x86_64-unknown-linux-gnu/6.3.0/:/cvmfs/cms.cern.ch/slc7_amd64_gcc630/external/gcc/6.3.0/bin/../lib/gcc/:/cvmfs/cms.cern.ch/slc7_amd64_gcc630/external/gcc/6.3.0/bin/../lib/gcc/x86_64-unknown-linux-gnu/6.3.0/../../../../lib64/:/lib/../lib64/:/usr/lib/../lib64/:/cvmfs/cms.cern.ch/slc7_amd64_gcc630/external/gcc/6.3.0/bin/../lib/gcc/x86_64-unknown-linux-gnu/6.3.0/../../../../x86_64-unknown-linux-gnu/lib/:/cvmfs/cms.cern.ch/slc7_amd64_gcc630/external/gcc/6.3.0/bin/../lib/gcc/x86_64-unknown-linux-gnu/6.3.0/../../../:/lib/:/usr/lib/]
  ignore line: [COLLECT_GCC_OPTIONS='-v' '-o' 'cmTC_6e907' '-mtune=generic' '-march=x86-64']
  link line: [ /cvmfs/cms.cern.ch/slc7_amd64_gcc630/external/gcc/6.3.0/bin/../libexec/gcc/x86_64-unknown-linux-gnu/6.3.0/collect2 -plugin /cvmfs/cms.cern.ch/slc7_amd64_gcc630/external/gcc/6.3.0/bin/../libexec/gcc/x86_64-unknown-linux-gnu/6.3.0/liblto_plugin.so -plugin-opt=/cvmfs/cms.cern.ch/slc7_amd64_gcc630/external/gcc/6.3.0/bin/../libexec/gcc/x86_64-unknown-linux-gnu/6.3.0/lto-wrapper -plugin-opt=-fresolution=/tmp/mbarbone/cc3yTtTR.res -plugin-opt=-pass-through=-lgcc -plugin-opt=-pass-through=-lgcc_s -plugin-opt=-pass-through=-lc -plugin-opt=-pass-through=-lgcc -plugin-opt=-pass-through=-lgcc_s --build-id --eh-frame-hdr --hash-style=gnu -m elf_x86_64 -dynamic-linker /lib64/ld-linux-x86-64.so.2 -z common-page-size=4096 -z max-page-size=4096 -o cmTC_6e907 /lib/../lib64/crt1.o /lib/../lib64/crti.o /cvmfs/cms.cern.ch/slc7_amd64_gcc630/external/gcc/6.3.0/bin/../lib/gcc/x86_64-unknown-linux-gnu/6.3.0/crtbegin.o -L/cvmfs/cms.cern.ch/slc7_amd64_gcc630/external/gcc/6.3.0/bin/../lib/gcc/x86_64-unknown-linux-gnu/6.3.0 -L/cvmfs/cms.cern.ch/slc7_amd64_gcc630/external/gcc/6.3.0/bin/../lib/gcc -L/cvmfs/cms.cern.ch/slc7_amd64_gcc630/external/gcc/6.3.0/bin/../lib/gcc/x86_64-unknown-linux-gnu/6.3.0/../../../../lib64 -L/lib/../lib64 -L/usr/lib/../lib64 -L/cvmfs/cms.cern.ch/slc7_amd64_gcc630/external/gcc/6.3.0/bin/../lib/gcc/x86_64-unknown-linux-gnu/6.3.0/../../../../x86_64-unknown-linux-gnu/lib -L/cvmfs/cms.cern.ch/slc7_amd64_gcc630/external/gcc/6.3.0/bin/../lib/gcc/x86_64-unknown-linux-gnu/6.3.0/../../.. CMakeFiles/cmTC_6e907.dir/CMakeCCompilerABI.c.o -lgcc --as-needed -lgcc_s --no-as-needed -lc -lgcc --as-needed -lgcc_s --no-as-needed /cvmfs/cms.cern.ch/slc7_amd64_gcc630/external/gcc/6.3.0/bin/../lib/gcc/x86_64-unknown-linux-gnu/6.3.0/crtend.o /lib/../lib64/crtn.o]
    arg [/cvmfs/cms.cern.ch/slc7_amd64_gcc630/external/gcc/6.3.0/bin/../libexec/gcc/x86_64-unknown-linux-gnu/6.3.0/collect2] ==> ignore
    arg [-plugin] ==> ignore
    arg [/cvmfs/cms.cern.ch/slc7_amd64_gcc630/external/gcc/6.3.0/bin/../libexec/gcc/x86_64-unknown-linux-gnu/6.3.0/liblto_plugin.so] ==> ignore
    arg [-plugin-opt=/cvmfs/cms.cern.ch/slc7_amd64_gcc630/external/gcc/6.3.0/bin/../libexec/gcc/x86_64-unknown-linux-gnu/6.3.0/lto-wrapper] ==> ignore
    arg [-plugin-opt=-fresolution=/tmp/mbarbone/cc3yTtTR.res] ==> ignore
    arg [-plugin-opt=-pass-through=-lgcc] ==> ignore
    arg [-plugin-opt=-pass-through=-lgcc_s] ==> ignore
    arg [-plugin-opt=-pass-through=-lc] ==> ignore
    arg [-plugin-opt=-pass-through=-lgcc] ==> ignore
    arg [-plugin-opt=-pass-through=-lgcc_s] ==> ignore
    arg [--build-id] ==> ignore
    arg [--eh-frame-hdr] ==> ignore
    arg [--hash-style=gnu] ==> ignore
    arg [-m] ==> ignore
    arg [elf_x86_64] ==> ignore
    arg [-dynamic-linker] ==> ignore
    arg [/lib64/ld-linux-x86-64.so.2] ==> ignore
    arg [-zcommon-page-size=4096] ==> ignore
    arg [-zmax-page-size=4096] ==> ignore
    arg [-o] ==> ignore
    arg [cmTC_6e907] ==> ignore
    arg [/lib/../lib64/crt1.o] ==> ignore
    arg [/lib/../lib64/crti.o] ==> ignore
    arg [/cvmfs/cms.cern.ch/slc7_amd64_gcc630/external/gcc/6.3.0/bin/../lib/gcc/x86_64-unknown-linux-gnu/6.3.0/crtbegin.o] ==> ignore
    arg [-L/cvmfs/cms.cern.ch/slc7_amd64_gcc630/external/gcc/6.3.0/bin/../lib/gcc/x86_64-unknown-linux-gnu/6.3.0] ==> dir [/cvmfs/cms.cern.ch/slc7_amd64_gcc630/external/gcc/6.3.0/bin/../lib/gcc/x86_64-unknown-linux-gnu/6.3.0]
    arg [-L/cvmfs/cms.cern.ch/slc7_amd64_gcc630/external/gcc/6.3.0/bin/../lib/gcc] ==> dir [/cvmfs/cms.cern.ch/slc7_amd64_gcc630/external/gcc/6.3.0/bin/../lib/gcc]
    arg [-L/cvmfs/cms.cern.ch/slc7_amd64_gcc630/external/gcc/6.3.0/bin/../lib/gcc/x86_64-unknown-linux-gnu/6.3.0/../../../../lib64] ==> dir [/cvmfs/cms.cern.ch/slc7_amd64_gcc630/external/gcc/6.3.0/bin/../lib/gcc/x86_64-unknown-linux-gnu/6.3.0/../../../../lib64]
    arg [-L/lib/../lib64] ==> dir [/lib/../lib64]
    arg [-L/usr/lib/../lib64] ==> dir [/usr/lib/../lib64]
    arg [-L/cvmfs/cms.cern.ch/slc7_amd64_gcc630/external/gcc/6.3.0/bin/../lib/gcc/x86_64-unknown-linux-gnu/6.3.0/../../../../x86_64-unknown-linux-gnu/lib] ==> dir [/cvmfs/cms.cern.ch/slc7_amd64_gcc630/external/gcc/6.3.0/bin/../lib/gcc/x86_64-unknown-linux-gnu/6.3.0/../../../../x86_64-unknown-linux-gnu/lib]
    arg [-L/cvmfs/cms.cern.ch/slc7_amd64_gcc630/external/gcc/6.3.0/bin/../lib/gcc/x86_64-unknown-linux-gnu/6.3.0/../../..] ==> dir [/cvmfs/cms.cern.ch/slc7_amd64_gcc630/external/gcc/6.3.0/bin/../lib/gcc/x86_64-unknown-linux-gnu/6.3.0/../../..]
    arg [CMakeFiles/cmTC_6e907.dir/CMakeCCompilerABI.c.o] ==> ignore
    arg [-lgcc] ==> lib [gcc]
    arg [--as-needed] ==> ignore
    arg [-lgcc_s] ==> lib [gcc_s]
    arg [--no-as-needed] ==> ignore
    arg [-lc] ==> lib [c]
    arg [-lgcc] ==> lib [gcc]
    arg [--as-needed] ==> ignore
    arg [-lgcc_s] ==> lib [gcc_s]
    arg [--no-as-needed] ==> ignore
    arg [/cvmfs/cms.cern.ch/slc7_amd64_gcc630/external/gcc/6.3.0/bin/../lib/gcc/x86_64-unknown-linux-gnu/6.3.0/crtend.o] ==> ignore
    arg [/lib/../lib64/crtn.o] ==> ignore
  collapse library dir [/cvmfs/cms.cern.ch/slc7_amd64_gcc630/external/gcc/6.3.0/bin/../lib/gcc/x86_64-unknown-linux-gnu/6.3.0] ==> [/cvmfs/cms.cern.ch/slc7_amd64_gcc630/external/gcc/6.3.0/lib/gcc/x86_64-unknown-linux-gnu/6.3.0]
  collapse library dir [/cvmfs/cms.cern.ch/slc7_amd64_gcc630/external/gcc/6.3.0/bin/../lib/gcc] ==> [/cvmfs/cms.cern.ch/slc7_amd64_gcc630/external/gcc/6.3.0/lib/gcc]
  collapse library dir [/cvmfs/cms.cern.ch/slc7_amd64_gcc630/external/gcc/6.3.0/bin/../lib/gcc/x86_64-unknown-linux-gnu/6.3.0/../../../../lib64] ==> [/cvmfs/cms.cern.ch/slc7_amd64_gcc630/external/gcc/6.3.0/lib64]
  collapse library dir [/lib/../lib64] ==> [/lib64]
  collapse library dir [/usr/lib/../lib64] ==> [/usr/lib64]
  collapse library dir [/cvmfs/cms.cern.ch/slc7_amd64_gcc630/external/gcc/6.3.0/bin/../lib/gcc/x86_64-unknown-linux-gnu/6.3.0/../../../../x86_64-unknown-linux-gnu/lib] ==> [/cvmfs/cms.cern.ch/slc7_amd64_gcc630/external/gcc/6.3.0/x86_64-unknown-linux-gnu/lib]
  collapse library dir [/cvmfs/cms.cern.ch/slc7_amd64_gcc630/external/gcc/6.3.0/bin/../lib/gcc/x86_64-unknown-linux-gnu/6.3.0/../../..] ==> [/cvmfs/cms.cern.ch/slc7_amd64_gcc630/external/gcc/6.3.0/lib]
  implicit libs: [gcc;gcc_s;c;gcc;gcc_s]
  implicit dirs: [/cvmfs/cms.cern.ch/slc7_amd64_gcc630/external/gcc/6.3.0/lib/gcc/x86_64-unknown-linux-gnu/6.3.0;/cvmfs/cms.cern.ch/slc7_amd64_gcc630/external/gcc/6.3.0/lib/gcc;/cvmfs/cms.cern.ch/slc7_amd64_gcc630/external/gcc/6.3.0/lib64;/lib64;/usr/lib64;/cvmfs/cms.cern.ch/slc7_amd64_gcc630/external/gcc/6.3.0/x86_64-unknown-linux-gnu/lib;/cvmfs/cms.cern.ch/slc7_amd64_gcc630/external/gcc/6.3.0/lib]
  implicit fwks: []




Detecting C [-std=c11] compiler features compiled with the following output:
Change Dir: /afs/cern.ch/user/m/mbarbone/private/test-regression/debug/CMakeFiles/CMakeTmp

Run Build Command:"/usr/bin/gmake" "cmTC_14083/fast"
/usr/bin/gmake -f CMakeFiles/cmTC_14083.dir/build.make CMakeFiles/cmTC_14083.dir/build
gmake[1]: Entering directory `/afs/cern.ch/user/m/mbarbone/private/test-regression/debug/CMakeFiles/CMakeTmp'
Building C object CMakeFiles/cmTC_14083.dir/feature_tests.c.o
/cvmfs/cms.cern.ch/slc7_amd64_gcc630/external/gcc/6.3.0/bin/cc   -std=c11 -o CMakeFiles/cmTC_14083.dir/feature_tests.c.o   -c /afs/cern.ch/user/m/mbarbone/private/test-regression/debug/CMakeFiles/feature_tests.c
Linking C executable cmTC_14083
/data/user/vkhriste/cmake-3.11.1-Linux-x86_64/bin/cmake -E cmake_link_script CMakeFiles/cmTC_14083.dir/link.txt --verbose=1
/cvmfs/cms.cern.ch/slc7_amd64_gcc630/external/gcc/6.3.0/bin/cc      CMakeFiles/cmTC_14083.dir/feature_tests.c.o  -o cmTC_14083 
gmake[1]: Leaving directory `/afs/cern.ch/user/m/mbarbone/private/test-regression/debug/CMakeFiles/CMakeTmp'


    Feature record: C_FEATURE:1c_function_prototypes
    Feature record: C_FEATURE:1c_restrict
    Feature record: C_FEATURE:1c_static_assert
    Feature record: C_FEATURE:1c_variadic_macros


Detecting C [-std=c99] compiler features compiled with the following output:
Change Dir: /afs/cern.ch/user/m/mbarbone/private/test-regression/debug/CMakeFiles/CMakeTmp

Run Build Command:"/usr/bin/gmake" "cmTC_500f1/fast"
/usr/bin/gmake -f CMakeFiles/cmTC_500f1.dir/build.make CMakeFiles/cmTC_500f1.dir/build
gmake[1]: Entering directory `/afs/cern.ch/user/m/mbarbone/private/test-regression/debug/CMakeFiles/CMakeTmp'
Building C object CMakeFiles/cmTC_500f1.dir/feature_tests.c.o
/cvmfs/cms.cern.ch/slc7_amd64_gcc630/external/gcc/6.3.0/bin/cc   -std=c99 -o CMakeFiles/cmTC_500f1.dir/feature_tests.c.o   -c /afs/cern.ch/user/m/mbarbone/private/test-regression/debug/CMakeFiles/feature_tests.c
Linking C executable cmTC_500f1
/data/user/vkhriste/cmake-3.11.1-Linux-x86_64/bin/cmake -E cmake_link_script CMakeFiles/cmTC_500f1.dir/link.txt --verbose=1
/cvmfs/cms.cern.ch/slc7_amd64_gcc630/external/gcc/6.3.0/bin/cc      CMakeFiles/cmTC_500f1.dir/feature_tests.c.o  -o cmTC_500f1 
gmake[1]: Leaving directory `/afs/cern.ch/user/m/mbarbone/private/test-regression/debug/CMakeFiles/CMakeTmp'


    Feature record: C_FEATURE:1c_function_prototypes
    Feature record: C_FEATURE:1c_restrict
    Feature record: C_FEATURE:0c_static_assert
    Feature record: C_FEATURE:1c_variadic_macros


Detecting C [-std=c90] compiler features compiled with the following output:
Change Dir: /afs/cern.ch/user/m/mbarbone/private/test-regression/debug/CMakeFiles/CMakeTmp

Run Build Command:"/usr/bin/gmake" "cmTC_66d78/fast"
/usr/bin/gmake -f CMakeFiles/cmTC_66d78.dir/build.make CMakeFiles/cmTC_66d78.dir/build
gmake[1]: Entering directory `/afs/cern.ch/user/m/mbarbone/private/test-regression/debug/CMakeFiles/CMakeTmp'
Building C object CMakeFiles/cmTC_66d78.dir/feature_tests.c.o
/cvmfs/cms.cern.ch/slc7_amd64_gcc630/external/gcc/6.3.0/bin/cc   -std=c90 -o CMakeFiles/cmTC_66d78.dir/feature_tests.c.o   -c /afs/cern.ch/user/m/mbarbone/private/test-regression/debug/CMakeFiles/feature_tests.c
Linking C executable cmTC_66d78
/data/user/vkhriste/cmake-3.11.1-Linux-x86_64/bin/cmake -E cmake_link_script CMakeFiles/cmTC_66d78.dir/link.txt --verbose=1
/cvmfs/cms.cern.ch/slc7_amd64_gcc630/external/gcc/6.3.0/bin/cc      CMakeFiles/cmTC_66d78.dir/feature_tests.c.o  -o cmTC_66d78 
gmake[1]: Leaving directory `/afs/cern.ch/user/m/mbarbone/private/test-regression/debug/CMakeFiles/CMakeTmp'


    Feature record: C_FEATURE:1c_function_prototypes
    Feature record: C_FEATURE:0c_restrict
    Feature record: C_FEATURE:0c_static_assert
    Feature record: C_FEATURE:0c_variadic_macros
Determining if the CXX compiler works passed with the following output:
Change Dir: /afs/cern.ch/user/m/mbarbone/private/test-regression/debug/CMakeFiles/CMakeTmp

Run Build Command:"/usr/bin/gmake" "cmTC_8aa84/fast"
/usr/bin/gmake -f CMakeFiles/cmTC_8aa84.dir/build.make CMakeFiles/cmTC_8aa84.dir/build
gmake[1]: Entering directory `/afs/cern.ch/user/m/mbarbone/private/test-regression/debug/CMakeFiles/CMakeTmp'
Building CXX object CMakeFiles/cmTC_8aa84.dir/testCXXCompiler.cxx.o
/cvmfs/cms.cern.ch/slc7_amd64_gcc630/external/gcc/6.3.0/bin/c++     -o CMakeFiles/cmTC_8aa84.dir/testCXXCompiler.cxx.o -c /afs/cern.ch/user/m/mbarbone/private/test-regression/debug/CMakeFiles/CMakeTmp/testCXXCompiler.cxx
Linking CXX executable cmTC_8aa84
/data/user/vkhriste/cmake-3.11.1-Linux-x86_64/bin/cmake -E cmake_link_script CMakeFiles/cmTC_8aa84.dir/link.txt --verbose=1
/cvmfs/cms.cern.ch/slc7_amd64_gcc630/external/gcc/6.3.0/bin/c++       CMakeFiles/cmTC_8aa84.dir/testCXXCompiler.cxx.o  -o cmTC_8aa84 
gmake[1]: Leaving directory `/afs/cern.ch/user/m/mbarbone/private/test-regression/debug/CMakeFiles/CMakeTmp'


Detecting CXX compiler ABI info compiled with the following output:
Change Dir: /afs/cern.ch/user/m/mbarbone/private/test-regression/debug/CMakeFiles/CMakeTmp

Run Build Command:"/usr/bin/gmake" "cmTC_10aa7/fast"
/usr/bin/gmake -f CMakeFiles/cmTC_10aa7.dir/build.make CMakeFiles/cmTC_10aa7.dir/build
gmake[1]: Entering directory `/afs/cern.ch/user/m/mbarbone/private/test-regression/debug/CMakeFiles/CMakeTmp'
Building CXX object CMakeFiles/cmTC_10aa7.dir/CMakeCXXCompilerABI.cpp.o
/cvmfs/cms.cern.ch/slc7_amd64_gcc630/external/gcc/6.3.0/bin/c++     -o CMakeFiles/cmTC_10aa7.dir/CMakeCXXCompilerABI.cpp.o -c /data/user/vkhriste/cmake-3.11.1-Linux-x86_64/share/cmake-3.11/Modules/CMakeCXXCompilerABI.cpp
Linking CXX executable cmTC_10aa7
/data/user/vkhriste/cmake-3.11.1-Linux-x86_64/bin/cmake -E cmake_link_script CMakeFiles/cmTC_10aa7.dir/link.txt --verbose=1
/cvmfs/cms.cern.ch/slc7_amd64_gcc630/external/gcc/6.3.0/bin/c++      -v CMakeFiles/cmTC_10aa7.dir/CMakeCXXCompilerABI.cpp.o  -o cmTC_10aa7 
Using built-in specs.
COLLECT_GCC=/cvmfs/cms.cern.ch/slc7_amd64_gcc630/external/gcc/6.3.0/bin/c++
COLLECT_LTO_WRAPPER=/cvmfs/cms.cern.ch/slc7_amd64_gcc630/external/gcc/6.3.0/bin/../libexec/gcc/x86_64-unknown-linux-gnu/6.3.0/lto-wrapper
Target: x86_64-unknown-linux-gnu
Configured with: ../configure --prefix=/build/davidlt/b/tmp/BUILDROOT/81ba3d1519d143a9fdd7a80ab404d079/opt/cmssw/slc7_amd64_gcc630/external/gcc/6.3.0 --disable-multilib --disable-nls --disable-dssi --enable-languages=c,c++,fortran --enable-gnu-indirect-function --enable-__cxa_atexit --disable-libunwind-exceptions --enable-gnu-unique-object --enable-plugin --with-linker-hash-style=gnu --enable-linker-build-id --enable-ld=default --enable-lto --enable-gold=yes --with-gmp=/build/davidlt/b/tmp/BUILDROOT/81ba3d1519d143a9fdd7a80ab404d079/opt/cmssw/slc7_amd64_gcc630/external/gcc/6.3.0 --with-mpfr=/build/davidlt/b/tmp/BUILDROOT/81ba3d1519d143a9fdd7a80ab404d079/opt/cmssw/slc7_amd64_gcc630/external/gcc/6.3.0 --enable-bootstrap --with-mpc=/build/davidlt/b/tmp/BUILDROOT/81ba3d1519d143a9fdd7a80ab404d079/opt/cmssw/slc7_amd64_gcc630/external/gcc/6.3.0 --with-isl=/build/davidlt/b/tmp/BUILDROOT/81ba3d1519d143a9fdd7a80ab404d079/opt/cmssw/slc7_amd64_gcc630/external/gcc/6.3.0 --enable-checking=release --build=x86_64-unknown-linux-gnu --host=x86_64-unknown-linux-gnu --enable-libstdcxx-time=rt --enable-shared --disable-libgcj CC='gcc -fPIC' CXX='c++ -fPIC' CPP=cpp CXXCPP='c++ -E' CFLAGS=-I/build/davidlt/b/tmp/BUILDROOT/81ba3d1519d143a9fdd7a80ab404d079/opt/cmssw/slc7_amd64_gcc630/external/gcc/6.3.0/tmp/sw/include CXXFLAGS=-I/build/davidlt/b/tmp/BUILDROOT/81ba3d1519d143a9fdd7a80ab404d079/opt/cmssw/slc7_amd64_gcc630/external/gcc/6.3.0/tmp/sw/include LDFLAGS=-L/build/davidlt/b/tmp/BUILDROOT/81ba3d1519d143a9fdd7a80ab404d079/opt/cmssw/slc7_amd64_gcc630/external/gcc/6.3.0/tmp/sw/lib
Thread model: posix
gcc version 6.3.0 (GCC) 
COMPILER_PATH=/cvmfs/cms.cern.ch/slc7_amd64_gcc630/external/gcc/6.3.0/bin/../libexec/gcc/x86_64-unknown-linux-gnu/6.3.0/:/cvmfs/cms.cern.ch/slc7_amd64_gcc630/external/gcc/6.3.0/bin/../libexec/gcc/:/cvmfs/cms.cern.ch/slc7_amd64_gcc630/external/gcc/6.3.0/bin/../lib/gcc/x86_64-unknown-linux-gnu/6.3.0/../../../../x86_64-unknown-linux-gnu/bin/
LIBRARY_PATH=/cvmfs/cms.cern.ch/slc7_amd64_gcc630/external/gcc/6.3.0/bin/../lib/gcc/x86_64-unknown-linux-gnu/6.3.0/:/cvmfs/cms.cern.ch/slc7_amd64_gcc630/external/gcc/6.3.0/bin/../lib/gcc/:/cvmfs/cms.cern.ch/slc7_amd64_gcc630/external/gcc/6.3.0/bin/../lib/gcc/x86_64-unknown-linux-gnu/6.3.0/../../../../lib64/:/lib/../lib64/:/usr/lib/../lib64/:/cvmfs/cms.cern.ch/slc7_amd64_gcc630/external/gcc/6.3.0/bin/../lib/gcc/x86_64-unknown-linux-gnu/6.3.0/../../../../x86_64-unknown-linux-gnu/lib/:/cvmfs/cms.cern.ch/slc7_amd64_gcc630/external/gcc/6.3.0/bin/../lib/gcc/x86_64-unknown-linux-gnu/6.3.0/../../../:/lib/:/usr/lib/
COLLECT_GCC_OPTIONS='-v' '-o' 'cmTC_10aa7' '-shared-libgcc' '-mtune=generic' '-march=x86-64'
 /cvmfs/cms.cern.ch/slc7_amd64_gcc630/external/gcc/6.3.0/bin/../libexec/gcc/x86_64-unknown-linux-gnu/6.3.0/collect2 -plugin /cvmfs/cms.cern.ch/slc7_amd64_gcc630/external/gcc/6.3.0/bin/../libexec/gcc/x86_64-unknown-linux-gnu/6.3.0/liblto_plugin.so -plugin-opt=/cvmfs/cms.cern.ch/slc7_amd64_gcc630/external/gcc/6.3.0/bin/../libexec/gcc/x86_64-unknown-linux-gnu/6.3.0/lto-wrapper -plugin-opt=-fresolution=/tmp/mbarbone/ccGcVmhF.res -plugin-opt=-pass-through=-lgcc_s -plugin-opt=-pass-through=-lgcc -plugin-opt=-pass-through=-lc -plugin-opt=-pass-through=-lgcc_s -plugin-opt=-pass-through=-lgcc --build-id --eh-frame-hdr --hash-style=gnu -m elf_x86_64 -dynamic-linker /lib64/ld-linux-x86-64.so.2 -z common-page-size=4096 -z max-page-size=4096 -o cmTC_10aa7 /lib/../lib64/crt1.o /lib/../lib64/crti.o /cvmfs/cms.cern.ch/slc7_amd64_gcc630/external/gcc/6.3.0/bin/../lib/gcc/x86_64-unknown-linux-gnu/6.3.0/crtbegin.o -L/cvmfs/cms.cern.ch/slc7_amd64_gcc630/external/gcc/6.3.0/bin/../lib/gcc/x86_64-unknown-linux-gnu/6.3.0 -L/cvmfs/cms.cern.ch/slc7_amd64_gcc630/external/gcc/6.3.0/bin/../lib/gcc -L/cvmfs/cms.cern.ch/slc7_amd64_gcc630/external/gcc/6.3.0/bin/../lib/gcc/x86_64-unknown-linux-gnu/6.3.0/../../../../lib64 -L/lib/../lib64 -L/usr/lib/../lib64 -L/cvmfs/cms.cern.ch/slc7_amd64_gcc630/external/gcc/6.3.0/bin/../lib/gcc/x86_64-unknown-linux-gnu/6.3.0/../../../../x86_64-unknown-linux-gnu/lib -L/cvmfs/cms.cern.ch/slc7_amd64_gcc630/external/gcc/6.3.0/bin/../lib/gcc/x86_64-unknown-linux-gnu/6.3.0/../../.. CMakeFiles/cmTC_10aa7.dir/CMakeCXXCompilerABI.cpp.o -lstdc++ -lm -lgcc_s -lgcc -lc -lgcc_s -lgcc /cvmfs/cms.cern.ch/slc7_amd64_gcc630/external/gcc/6.3.0/bin/../lib/gcc/x86_64-unknown-linux-gnu/6.3.0/crtend.o /lib/../lib64/crtn.o
COLLECT_GCC_OPTIONS='-v' '-o' 'cmTC_10aa7' '-shared-libgcc' '-mtune=generic' '-march=x86-64'
gmake[1]: Leaving directory `/afs/cern.ch/user/m/mbarbone/private/test-regression/debug/CMakeFiles/CMakeTmp'


Parsed CXX implicit link information from above output:
  link line regex: [^( *|.*[/\])(ld|CMAKE_LINK_STARTFILE-NOTFOUND|([^/\]+-)?ld|collect2)[^/\]*( |$)]
  ignore line: [Change Dir: /afs/cern.ch/user/m/mbarbone/private/test-regression/debug/CMakeFiles/CMakeTmp]
  ignore line: []
  ignore line: [Run Build Command:"/usr/bin/gmake" "cmTC_10aa7/fast"]
  ignore line: [/usr/bin/gmake -f CMakeFiles/cmTC_10aa7.dir/build.make CMakeFiles/cmTC_10aa7.dir/build]
  ignore line: [gmake[1]: Entering directory `/afs/cern.ch/user/m/mbarbone/private/test-regression/debug/CMakeFiles/CMakeTmp']
  ignore line: [Building CXX object CMakeFiles/cmTC_10aa7.dir/CMakeCXXCompilerABI.cpp.o]
  ignore line: [/cvmfs/cms.cern.ch/slc7_amd64_gcc630/external/gcc/6.3.0/bin/c++     -o CMakeFiles/cmTC_10aa7.dir/CMakeCXXCompilerABI.cpp.o -c /data/user/vkhriste/cmake-3.11.1-Linux-x86_64/share/cmake-3.11/Modules/CMakeCXXCompilerABI.cpp]
  ignore line: [Linking CXX executable cmTC_10aa7]
  ignore line: [/data/user/vkhriste/cmake-3.11.1-Linux-x86_64/bin/cmake -E cmake_link_script CMakeFiles/cmTC_10aa7.dir/link.txt --verbose=1]
  ignore line: [/cvmfs/cms.cern.ch/slc7_amd64_gcc630/external/gcc/6.3.0/bin/c++      -v CMakeFiles/cmTC_10aa7.dir/CMakeCXXCompilerABI.cpp.o  -o cmTC_10aa7 ]
  ignore line: [Using built-in specs.]
  ignore line: [COLLECT_GCC=/cvmfs/cms.cern.ch/slc7_amd64_gcc630/external/gcc/6.3.0/bin/c++]
  ignore line: [COLLECT_LTO_WRAPPER=/cvmfs/cms.cern.ch/slc7_amd64_gcc630/external/gcc/6.3.0/bin/../libexec/gcc/x86_64-unknown-linux-gnu/6.3.0/lto-wrapper]
  ignore line: [Target: x86_64-unknown-linux-gnu]
  ignore line: [Configured with: ../configure --prefix=/build/davidlt/b/tmp/BUILDROOT/81ba3d1519d143a9fdd7a80ab404d079/opt/cmssw/slc7_amd64_gcc630/external/gcc/6.3.0 --disable-multilib --disable-nls --disable-dssi --enable-languages=c,c++,fortran --enable-gnu-indirect-function --enable-__cxa_atexit --disable-libunwind-exceptions --enable-gnu-unique-object --enable-plugin --with-linker-hash-style=gnu --enable-linker-build-id --enable-ld=default --enable-lto --enable-gold=yes --with-gmp=/build/davidlt/b/tmp/BUILDROOT/81ba3d1519d143a9fdd7a80ab404d079/opt/cmssw/slc7_amd64_gcc630/external/gcc/6.3.0 --with-mpfr=/build/davidlt/b/tmp/BUILDROOT/81ba3d1519d143a9fdd7a80ab404d079/opt/cmssw/slc7_amd64_gcc630/external/gcc/6.3.0 --enable-bootstrap --with-mpc=/build/davidlt/b/tmp/BUILDROOT/81ba3d1519d143a9fdd7a80ab404d079/opt/cmssw/slc7_amd64_gcc630/external/gcc/6.3.0 --with-isl=/build/davidlt/b/tmp/BUILDROOT/81ba3d1519d143a9fdd7a80ab404d079/opt/cmssw/slc7_amd64_gcc630/external/gcc/6.3.0 --enable-checking=release --build=x86_64-unknown-linux-gnu --host=x86_64-unknown-linux-gnu --enable-libstdcxx-time=rt --enable-shared --disable-libgcj CC='gcc -fPIC' CXX='c++ -fPIC' CPP=cpp CXXCPP='c++ -E' CFLAGS=-I/build/davidlt/b/tmp/BUILDROOT/81ba3d1519d143a9fdd7a80ab404d079/opt/cmssw/slc7_amd64_gcc630/external/gcc/6.3.0/tmp/sw/include CXXFLAGS=-I/build/davidlt/b/tmp/BUILDROOT/81ba3d1519d143a9fdd7a80ab404d079/opt/cmssw/slc7_amd64_gcc630/external/gcc/6.3.0/tmp/sw/include LDFLAGS=-L/build/davidlt/b/tmp/BUILDROOT/81ba3d1519d143a9fdd7a80ab404d079/opt/cmssw/slc7_amd64_gcc630/external/gcc/6.3.0/tmp/sw/lib]
  ignore line: [Thread model: posix]
  ignore line: [gcc version 6.3.0 (GCC) ]
  ignore line: [COMPILER_PATH=/cvmfs/cms.cern.ch/slc7_amd64_gcc630/external/gcc/6.3.0/bin/../libexec/gcc/x86_64-unknown-linux-gnu/6.3.0/:/cvmfs/cms.cern.ch/slc7_amd64_gcc630/external/gcc/6.3.0/bin/../libexec/gcc/:/cvmfs/cms.cern.ch/slc7_amd64_gcc630/external/gcc/6.3.0/bin/../lib/gcc/x86_64-unknown-linux-gnu/6.3.0/../../../../x86_64-unknown-linux-gnu/bin/]
  ignore line: [LIBRARY_PATH=/cvmfs/cms.cern.ch/slc7_amd64_gcc630/external/gcc/6.3.0/bin/../lib/gcc/x86_64-unknown-linux-gnu/6.3.0/:/cvmfs/cms.cern.ch/slc7_amd64_gcc630/external/gcc/6.3.0/bin/../lib/gcc/:/cvmfs/cms.cern.ch/slc7_amd64_gcc630/external/gcc/6.3.0/bin/../lib/gcc/x86_64-unknown-linux-gnu/6.3.0/../../../../lib64/:/lib/../lib64/:/usr/lib/../lib64/:/cvmfs/cms.cern.ch/slc7_amd64_gcc630/external/gcc/6.3.0/bin/../lib/gcc/x86_64-unknown-linux-gnu/6.3.0/../../../../x86_64-unknown-linux-gnu/lib/:/cvmfs/cms.cern.ch/slc7_amd64_gcc630/external/gcc/6.3.0/bin/../lib/gcc/x86_64-unknown-linux-gnu/6.3.0/../../../:/lib/:/usr/lib/]
  ignore line: [COLLECT_GCC_OPTIONS='-v' '-o' 'cmTC_10aa7' '-shared-libgcc' '-mtune=generic' '-march=x86-64']
  link line: [ /cvmfs/cms.cern.ch/slc7_amd64_gcc630/external/gcc/6.3.0/bin/../libexec/gcc/x86_64-unknown-linux-gnu/6.3.0/collect2 -plugin /cvmfs/cms.cern.ch/slc7_amd64_gcc630/external/gcc/6.3.0/bin/../libexec/gcc/x86_64-unknown-linux-gnu/6.3.0/liblto_plugin.so -plugin-opt=/cvmfs/cms.cern.ch/slc7_amd64_gcc630/external/gcc/6.3.0/bin/../libexec/gcc/x86_64-unknown-linux-gnu/6.3.0/lto-wrapper -plugin-opt=-fresolution=/tmp/mbarbone/ccGcVmhF.res -plugin-opt=-pass-through=-lgcc_s -plugin-opt=-pass-through=-lgcc -plugin-opt=-pass-through=-lc -plugin-opt=-pass-through=-lgcc_s -plugin-opt=-pass-through=-lgcc --build-id --eh-frame-hdr --hash-style=gnu -m elf_x86_64 -dynamic-linker /lib64/ld-linux-x86-64.so.2 -z common-page-size=4096 -z max-page-size=4096 -o cmTC_10aa7 /lib/../lib64/crt1.o /lib/../lib64/crti.o /cvmfs/cms.cern.ch/slc7_amd64_gcc630/external/gcc/6.3.0/bin/../lib/gcc/x86_64-unknown-linux-gnu/6.3.0/crtbegin.o -L/cvmfs/cms.cern.ch/slc7_amd64_gcc630/external/gcc/6.3.0/bin/../lib/gcc/x86_64-unknown-linux-gnu/6.3.0 -L/cvmfs/cms.cern.ch/slc7_amd64_gcc630/external/gcc/6.3.0/bin/../lib/gcc -L/cvmfs/cms.cern.ch/slc7_amd64_gcc630/external/gcc/6.3.0/bin/../lib/gcc/x86_64-unknown-linux-gnu/6.3.0/../../../../lib64 -L/lib/../lib64 -L/usr/lib/../lib64 -L/cvmfs/cms.cern.ch/slc7_amd64_gcc630/external/gcc/6.3.0/bin/../lib/gcc/x86_64-unknown-linux-gnu/6.3.0/../../../../x86_64-unknown-linux-gnu/lib -L/cvmfs/cms.cern.ch/slc7_amd64_gcc630/external/gcc/6.3.0/bin/../lib/gcc/x86_64-unknown-linux-gnu/6.3.0/../../.. CMakeFiles/cmTC_10aa7.dir/CMakeCXXCompilerABI.cpp.o -lstdc++ -lm -lgcc_s -lgcc -lc -lgcc_s -lgcc /cvmfs/cms.cern.ch/slc7_amd64_gcc630/external/gcc/6.3.0/bin/../lib/gcc/x86_64-unknown-linux-gnu/6.3.0/crtend.o /lib/../lib64/crtn.o]
    arg [/cvmfs/cms.cern.ch/slc7_amd64_gcc630/external/gcc/6.3.0/bin/../libexec/gcc/x86_64-unknown-linux-gnu/6.3.0/collect2] ==> ignore
    arg [-plugin] ==> ignore
    arg [/cvmfs/cms.cern.ch/slc7_amd64_gcc630/external/gcc/6.3.0/bin/../libexec/gcc/x86_64-unknown-linux-gnu/6.3.0/liblto_plugin.so] ==> ignore
    arg [-plugin-opt=/cvmfs/cms.cern.ch/slc7_amd64_gcc630/external/gcc/6.3.0/bin/../libexec/gcc/x86_64-unknown-linux-gnu/6.3.0/lto-wrapper] ==> ignore
    arg [-plugin-opt=-fresolution=/tmp/mbarbone/ccGcVmhF.res] ==> ignore
    arg [-plugin-opt=-pass-through=-lgcc_s] ==> ignore
    arg [-plugin-opt=-pass-through=-lgcc] ==> ignore
    arg [-plugin-opt=-pass-through=-lc] ==> ignore
    arg [-plugin-opt=-pass-through=-lgcc_s] ==> ignore
    arg [-plugin-opt=-pass-through=-lgcc] ==> ignore
    arg [--build-id] ==> ignore
    arg [--eh-frame-hdr] ==> ignore
    arg [--hash-style=gnu] ==> ignore
    arg [-m] ==> ignore
    arg [elf_x86_64] ==> ignore
    arg [-dynamic-linker] ==> ignore
    arg [/lib64/ld-linux-x86-64.so.2] ==> ignore
    arg [-zcommon-page-size=4096] ==> ignore
    arg [-zmax-page-size=4096] ==> ignore
    arg [-o] ==> ignore
    arg [cmTC_10aa7] ==> ignore
    arg [/lib/../lib64/crt1.o] ==> ignore
    arg [/lib/../lib64/crti.o] ==> ignore
    arg [/cvmfs/cms.cern.ch/slc7_amd64_gcc630/external/gcc/6.3.0/bin/../lib/gcc/x86_64-unknown-linux-gnu/6.3.0/crtbegin.o] ==> ignore
    arg [-L/cvmfs/cms.cern.ch/slc7_amd64_gcc630/external/gcc/6.3.0/bin/../lib/gcc/x86_64-unknown-linux-gnu/6.3.0] ==> dir [/cvmfs/cms.cern.ch/slc7_amd64_gcc630/external/gcc/6.3.0/bin/../lib/gcc/x86_64-unknown-linux-gnu/6.3.0]
    arg [-L/cvmfs/cms.cern.ch/slc7_amd64_gcc630/external/gcc/6.3.0/bin/../lib/gcc] ==> dir [/cvmfs/cms.cern.ch/slc7_amd64_gcc630/external/gcc/6.3.0/bin/../lib/gcc]
    arg [-L/cvmfs/cms.cern.ch/slc7_amd64_gcc630/external/gcc/6.3.0/bin/../lib/gcc/x86_64-unknown-linux-gnu/6.3.0/../../../../lib64] ==> dir [/cvmfs/cms.cern.ch/slc7_amd64_gcc630/external/gcc/6.3.0/bin/../lib/gcc/x86_64-unknown-linux-gnu/6.3.0/../../../../lib64]
    arg [-L/lib/../lib64] ==> dir [/lib/../lib64]
    arg [-L/usr/lib/../lib64] ==> dir [/usr/lib/../lib64]
    arg [-L/cvmfs/cms.cern.ch/slc7_amd64_gcc630/external/gcc/6.3.0/bin/../lib/gcc/x86_64-unknown-linux-gnu/6.3.0/../../../../x86_64-unknown-linux-gnu/lib] ==> dir [/cvmfs/cms.cern.ch/slc7_amd64_gcc630/external/gcc/6.3.0/bin/../lib/gcc/x86_64-unknown-linux-gnu/6.3.0/../../../../x86_64-unknown-linux-gnu/lib]
    arg [-L/cvmfs/cms.cern.ch/slc7_amd64_gcc630/external/gcc/6.3.0/bin/../lib/gcc/x86_64-unknown-linux-gnu/6.3.0/../../..] ==> dir [/cvmfs/cms.cern.ch/slc7_amd64_gcc630/external/gcc/6.3.0/bin/../lib/gcc/x86_64-unknown-linux-gnu/6.3.0/../../..]
    arg [CMakeFiles/cmTC_10aa7.dir/CMakeCXXCompilerABI.cpp.o] ==> ignore
    arg [-lstdc++] ==> lib [stdc++]
    arg [-lm] ==> lib [m]
    arg [-lgcc_s] ==> lib [gcc_s]
    arg [-lgcc] ==> lib [gcc]
    arg [-lc] ==> lib [c]
    arg [-lgcc_s] ==> lib [gcc_s]
    arg [-lgcc] ==> lib [gcc]
    arg [/cvmfs/cms.cern.ch/slc7_amd64_gcc630/external/gcc/6.3.0/bin/../lib/gcc/x86_64-unknown-linux-gnu/6.3.0/crtend.o] ==> ignore
    arg [/lib/../lib64/crtn.o] ==> ignore
  collapse library dir [/cvmfs/cms.cern.ch/slc7_amd64_gcc630/external/gcc/6.3.0/bin/../lib/gcc/x86_64-unknown-linux-gnu/6.3.0] ==> [/cvmfs/cms.cern.ch/slc7_amd64_gcc630/external/gcc/6.3.0/lib/gcc/x86_64-unknown-linux-gnu/6.3.0]
  collapse library dir [/cvmfs/cms.cern.ch/slc7_amd64_gcc630/external/gcc/6.3.0/bin/../lib/gcc] ==> [/cvmfs/cms.cern.ch/slc7_amd64_gcc630/external/gcc/6.3.0/lib/gcc]
  collapse library dir [/cvmfs/cms.cern.ch/slc7_amd64_gcc630/external/gcc/6.3.0/bin/../lib/gcc/x86_64-unknown-linux-gnu/6.3.0/../../../../lib64] ==> [/cvmfs/cms.cern.ch/slc7_amd64_gcc630/external/gcc/6.3.0/lib64]
  collapse library dir [/lib/../lib64] ==> [/lib64]
  collapse library dir [/usr/lib/../lib64] ==> [/usr/lib64]
  collapse library dir [/cvmfs/cms.cern.ch/slc7_amd64_gcc630/external/gcc/6.3.0/bin/../lib/gcc/x86_64-unknown-linux-gnu/6.3.0/../../../../x86_64-unknown-linux-gnu/lib] ==> [/cvmfs/cms.cern.ch/slc7_amd64_gcc630/external/gcc/6.3.0/x86_64-unknown-linux-gnu/lib]
  collapse library dir [/cvmfs/cms.cern.ch/slc7_amd64_gcc630/external/gcc/6.3.0/bin/../lib/gcc/x86_64-unknown-linux-gnu/6.3.0/../../..] ==> [/cvmfs/cms.cern.ch/slc7_amd64_gcc630/external/gcc/6.3.0/lib]
  implicit libs: [stdc++;m;gcc_s;gcc;c;gcc_s;gcc]
  implicit dirs: [/cvmfs/cms.cern.ch/slc7_amd64_gcc630/external/gcc/6.3.0/lib/gcc/x86_64-unknown-linux-gnu/6.3.0;/cvmfs/cms.cern.ch/slc7_amd64_gcc630/external/gcc/6.3.0/lib/gcc;/cvmfs/cms.cern.ch/slc7_amd64_gcc630/external/gcc/6.3.0/lib64;/lib64;/usr/lib64;/cvmfs/cms.cern.ch/slc7_amd64_gcc630/external/gcc/6.3.0/x86_64-unknown-linux-gnu/lib;/cvmfs/cms.cern.ch/slc7_amd64_gcc630/external/gcc/6.3.0/lib]
  implicit fwks: []




Detecting CXX [-std=c++1z] compiler features compiled with the following output:
Change Dir: /afs/cern.ch/user/m/mbarbone/private/test-regression/debug/CMakeFiles/CMakeTmp

Run Build Command:"/usr/bin/gmake" "cmTC_aca1b/fast"
/usr/bin/gmake -f CMakeFiles/cmTC_aca1b.dir/build.make CMakeFiles/cmTC_aca1b.dir/build
gmake[1]: Entering directory `/afs/cern.ch/user/m/mbarbone/private/test-regression/debug/CMakeFiles/CMakeTmp'
Building CXX object CMakeFiles/cmTC_aca1b.dir/feature_tests.cxx.o
/cvmfs/cms.cern.ch/slc7_amd64_gcc630/external/gcc/6.3.0/bin/c++    -std=c++1z -o CMakeFiles/cmTC_aca1b.dir/feature_tests.cxx.o -c /afs/cern.ch/user/m/mbarbone/private/test-regression/debug/CMakeFiles/feature_tests.cxx
Linking CXX executable cmTC_aca1b
/data/user/vkhriste/cmake-3.11.1-Linux-x86_64/bin/cmake -E cmake_link_script CMakeFiles/cmTC_aca1b.dir/link.txt --verbose=1
/cvmfs/cms.cern.ch/slc7_amd64_gcc630/external/gcc/6.3.0/bin/c++       CMakeFiles/cmTC_aca1b.dir/feature_tests.cxx.o  -o cmTC_aca1b 
gmake[1]: Leaving directory `/afs/cern.ch/user/m/mbarbone/private/test-regression/debug/CMakeFiles/CMakeTmp'


    Feature record: CXX_FEATURE:1cxx_aggregate_default_initializers
    Feature record: CXX_FEATURE:1cxx_alias_templates
    Feature record: CXX_FEATURE:1cxx_alignas
    Feature record: CXX_FEATURE:1cxx_alignof
    Feature record: CXX_FEATURE:1cxx_attributes
    Feature record: CXX_FEATURE:1cxx_attribute_deprecated
    Feature record: CXX_FEATURE:1cxx_auto_type
    Feature record: CXX_FEATURE:1cxx_binary_literals
    Feature record: CXX_FEATURE:1cxx_constexpr
    Feature record: CXX_FEATURE:1cxx_contextual_conversions
    Feature record: CXX_FEATURE:1cxx_decltype
    Feature record: CXX_FEATURE:1cxx_decltype_auto
    Feature record: CXX_FEATURE:1cxx_decltype_incomplete_return_types
    Feature record: CXX_FEATURE:1cxx_default_function_template_args
    Feature record: CXX_FEATURE:1cxx_defaulted_functions
    Feature record: CXX_FEATURE:1cxx_defaulted_move_initializers
    Feature record: CXX_FEATURE:1cxx_delegating_constructors
    Feature record: CXX_FEATURE:1cxx_deleted_functions
    Feature record: CXX_FEATURE:1cxx_digit_separators
    Feature record: CXX_FEATURE:1cxx_enum_forward_declarations
    Feature record: CXX_FEATURE:1cxx_explicit_conversions
    Feature record: CXX_FEATURE:1cxx_extended_friend_declarations
    Feature record: CXX_FEATURE:1cxx_extern_templates
    Feature record: CXX_FEATURE:1cxx_final
    Feature record: CXX_FEATURE:1cxx_func_identifier
    Feature record: CXX_FEATURE:1cxx_generalized_initializers
    Feature record: CXX_FEATURE:1cxx_generic_lambdas
    Feature record: CXX_FEATURE:1cxx_inheriting_constructors
    Feature record: CXX_FEATURE:1cxx_inline_namespaces
    Feature record: CXX_FEATURE:1cxx_lambdas
    Feature record: CXX_FEATURE:1cxx_lambda_init_captures
    Feature record: CXX_FEATURE:1cxx_local_type_template_args
    Feature record: CXX_FEATURE:1cxx_long_long_type
    Feature record: CXX_FEATURE:1cxx_noexcept
    Feature record: CXX_FEATURE:1cxx_nonstatic_member_init
    Feature record: CXX_FEATURE:1cxx_nullptr
    Feature record: CXX_FEATURE:1cxx_override
    Feature record: CXX_FEATURE:1cxx_range_for
    Feature record: CXX_FEATURE:1cxx_raw_string_literals
    Feature record: CXX_FEATURE:1cxx_reference_qualified_functions
    Feature record: CXX_FEATURE:1cxx_relaxed_constexpr
    Feature record: CXX_FEATURE:1cxx_return_type_deduction
    Feature record: CXX_FEATURE:1cxx_right_angle_brackets
    Feature record: CXX_FEATURE:1cxx_rvalue_references
    Feature record: CXX_FEATURE:1cxx_sizeof_member
    Feature record: CXX_FEATURE:1cxx_static_assert
    Feature record: CXX_FEATURE:1cxx_strong_enums
    Feature record: CXX_FEATURE:1cxx_template_template_parameters
    Feature record: CXX_FEATURE:1cxx_thread_local
    Feature record: CXX_FEATURE:1cxx_trailing_return_types
    Feature record: CXX_FEATURE:1cxx_unicode_literals
    Feature record: CXX_FEATURE:1cxx_uniform_initialization
    Feature record: CXX_FEATURE:1cxx_unrestricted_unions
    Feature record: CXX_FEATURE:1cxx_user_literals
    Feature record: CXX_FEATURE:1cxx_variable_templates
    Feature record: CXX_FEATURE:1cxx_variadic_macros
    Feature record: CXX_FEATURE:1cxx_variadic_templates


Detecting CXX [-std=c++14] compiler features compiled with the following output:
Change Dir: /afs/cern.ch/user/m/mbarbone/private/test-regression/debug/CMakeFiles/CMakeTmp

Run Build Command:"/usr/bin/gmake" "cmTC_63999/fast"
/usr/bin/gmake -f CMakeFiles/cmTC_63999.dir/build.make CMakeFiles/cmTC_63999.dir/build
gmake[1]: Entering directory `/afs/cern.ch/user/m/mbarbone/private/test-regression/debug/CMakeFiles/CMakeTmp'
Building CXX object CMakeFiles/cmTC_63999.dir/feature_tests.cxx.o
/cvmfs/cms.cern.ch/slc7_amd64_gcc630/external/gcc/6.3.0/bin/c++    -std=c++14 -o CMakeFiles/cmTC_63999.dir/feature_tests.cxx.o -c /afs/cern.ch/user/m/mbarbone/private/test-regression/debug/CMakeFiles/feature_tests.cxx
Linking CXX executable cmTC_63999
/data/user/vkhriste/cmake-3.11.1-Linux-x86_64/bin/cmake -E cmake_link_script CMakeFiles/cmTC_63999.dir/link.txt --verbose=1
/cvmfs/cms.cern.ch/slc7_amd64_gcc630/external/gcc/6.3.0/bin/c++       CMakeFiles/cmTC_63999.dir/feature_tests.cxx.o  -o cmTC_63999 
gmake[1]: Leaving directory `/afs/cern.ch/user/m/mbarbone/private/test-regression/debug/CMakeFiles/CMakeTmp'


    Feature record: CXX_FEATURE:1cxx_aggregate_default_initializers
    Feature record: CXX_FEATURE:1cxx_alias_templates
    Feature record: CXX_FEATURE:1cxx_alignas
    Feature record: CXX_FEATURE:1cxx_alignof
    Feature record: CXX_FEATURE:1cxx_attributes
    Feature record: CXX_FEATURE:1cxx_attribute_deprecated
    Feature record: CXX_FEATURE:1cxx_auto_type
    Feature record: CXX_FEATURE:1cxx_binary_literals
    Feature record: CXX_FEATURE:1cxx_constexpr
    Feature record: CXX_FEATURE:1cxx_contextual_conversions
    Feature record: CXX_FEATURE:1cxx_decltype
    Feature record: CXX_FEATURE:1cxx_decltype_auto
    Feature record: CXX_FEATURE:1cxx_decltype_incomplete_return_types
    Feature record: CXX_FEATURE:1cxx_default_function_template_args
    Feature record: CXX_FEATURE:1cxx_defaulted_functions
    Feature record: CXX_FEATURE:1cxx_defaulted_move_initializers
    Feature record: CXX_FEATURE:1cxx_delegating_constructors
    Feature record: CXX_FEATURE:1cxx_deleted_functions
    Feature record: CXX_FEATURE:1cxx_digit_separators
    Feature record: CXX_FEATURE:1cxx_enum_forward_declarations
    Feature record: CXX_FEATURE:1cxx_explicit_conversions
    Feature record: CXX_FEATURE:1cxx_extended_friend_declarations
    Feature record: CXX_FEATURE:1cxx_extern_templates
    Feature record: CXX_FEATURE:1cxx_final
    Feature record: CXX_FEATURE:1cxx_func_identifier
    Feature record: CXX_FEATURE:1cxx_generalized_initializers
    Feature record: CXX_FEATURE:1cxx_generic_lambdas
    Feature record: CXX_FEATURE:1cxx_inheriting_constructors
    Feature record: CXX_FEATURE:1cxx_inline_namespaces
    Feature record: CXX_FEATURE:1cxx_lambdas
    Feature record: CXX_FEATURE:1cxx_lambda_init_captures
    Feature record: CXX_FEATURE:1cxx_local_type_template_args
    Feature record: CXX_FEATURE:1cxx_long_long_type
    Feature record: CXX_FEATURE:1cxx_noexcept
    Feature record: CXX_FEATURE:1cxx_nonstatic_member_init
    Feature record: CXX_FEATURE:1cxx_nullptr
    Feature record: CXX_FEATURE:1cxx_override
    Feature record: CXX_FEATURE:1cxx_range_for
    Feature record: CXX_FEATURE:1cxx_raw_string_literals
    Feature record: CXX_FEATURE:1cxx_reference_qualified_functions
    Feature record: CXX_FEATURE:1cxx_relaxed_constexpr
    Feature record: CXX_FEATURE:1cxx_return_type_deduction
    Feature record: CXX_FEATURE:1cxx_right_angle_brackets
    Feature record: CXX_FEATURE:1cxx_rvalue_references
    Feature record: CXX_FEATURE:1cxx_sizeof_member
    Feature record: CXX_FEATURE:1cxx_static_assert
    Feature record: CXX_FEATURE:1cxx_strong_enums
    Feature record: CXX_FEATURE:1cxx_template_template_parameters
    Feature record: CXX_FEATURE:1cxx_thread_local
    Feature record: CXX_FEATURE:1cxx_trailing_return_types
    Feature record: CXX_FEATURE:1cxx_unicode_literals
    Feature record: CXX_FEATURE:1cxx_uniform_initialization
    Feature record: CXX_FEATURE:1cxx_unrestricted_unions
    Feature record: CXX_FEATURE:1cxx_user_literals
    Feature record: CXX_FEATURE:1cxx_variable_templates
    Feature record: CXX_FEATURE:1cxx_variadic_macros
    Feature record: CXX_FEATURE:1cxx_variadic_templates


Detecting CXX [-std=c++11] compiler features compiled with the following output:
Change Dir: /afs/cern.ch/user/m/mbarbone/private/test-regression/debug/CMakeFiles/CMakeTmp

Run Build Command:"/usr/bin/gmake" "cmTC_3180e/fast"
/usr/bin/gmake -f CMakeFiles/cmTC_3180e.dir/build.make CMakeFiles/cmTC_3180e.dir/build
gmake[1]: Entering directory `/afs/cern.ch/user/m/mbarbone/private/test-regression/debug/CMakeFiles/CMakeTmp'
Building CXX object CMakeFiles/cmTC_3180e.dir/feature_tests.cxx.o
/cvmfs/cms.cern.ch/slc7_amd64_gcc630/external/gcc/6.3.0/bin/c++    -std=c++11 -o CMakeFiles/cmTC_3180e.dir/feature_tests.cxx.o -c /afs/cern.ch/user/m/mbarbone/private/test-regression/debug/CMakeFiles/feature_tests.cxx
Linking CXX executable cmTC_3180e
/data/user/vkhriste/cmake-3.11.1-Linux-x86_64/bin/cmake -E cmake_link_script CMakeFiles/cmTC_3180e.dir/link.txt --verbose=1
/cvmfs/cms.cern.ch/slc7_amd64_gcc630/external/gcc/6.3.0/bin/c++       CMakeFiles/cmTC_3180e.dir/feature_tests.cxx.o  -o cmTC_3180e 
gmake[1]: Leaving directory `/afs/cern.ch/user/m/mbarbone/private/test-regression/debug/CMakeFiles/CMakeTmp'


    Feature record: CXX_FEATURE:0cxx_aggregate_default_initializers
    Feature record: CXX_FEATURE:1cxx_alias_templates
    Feature record: CXX_FEATURE:1cxx_alignas
    Feature record: CXX_FEATURE:1cxx_alignof
    Feature record: CXX_FEATURE:1cxx_attributes
    Feature record: CXX_FEATURE:0cxx_attribute_deprecated
    Feature record: CXX_FEATURE:1cxx_auto_type
    Feature record: CXX_FEATURE:0cxx_binary_literals
    Feature record: CXX_FEATURE:1cxx_constexpr
    Feature record: CXX_FEATURE:0cxx_contextual_conversions
    Feature record: CXX_FEATURE:1cxx_decltype
    Feature record: CXX_FEATURE:0cxx_decltype_auto
    Feature record: CXX_FEATURE:1cxx_decltype_incomplete_return_types
    Feature record: CXX_FEATURE:1cxx_default_function_template_args
    Feature record: CXX_FEATURE:1cxx_defaulted_functions
    Feature record: CXX_FEATURE:1cxx_defaulted_move_initializers
    Feature record: CXX_FEATURE:1cxx_delegating_constructors
    Feature record: CXX_FEATURE:1cxx_deleted_functions
    Feature record: CXX_FEATURE:0cxx_digit_separators
    Feature record: CXX_FEATURE:1cxx_enum_forward_declarations
    Feature record: CXX_FEATURE:1cxx_explicit_conversions
    Feature record: CXX_FEATURE:1cxx_extended_friend_declarations
    Feature record: CXX_FEATURE:1cxx_extern_templates
    Feature record: CXX_FEATURE:1cxx_final
    Feature record: CXX_FEATURE:1cxx_func_identifier
    Feature record: CXX_FEATURE:1cxx_generalized_initializers
    Feature record: CXX_FEATURE:0cxx_generic_lambdas
    Feature record: CXX_FEATURE:1cxx_inheriting_constructors
    Feature record: CXX_FEATURE:1cxx_inline_namespaces
    Feature record: CXX_FEATURE:1cxx_lambdas
    Feature record: CXX_FEATURE:0cxx_lambda_init_captures
    Feature record: CXX_FEATURE:1cxx_local_type_template_args
    Feature record: CXX_FEATURE:1cxx_long_long_type
    Feature record: CXX_FEATURE:1cxx_noexcept
    Feature record: CXX_FEATURE:1cxx_nonstatic_member_init
    Feature record: CXX_FEATURE:1cxx_nullptr
    Feature record: CXX_FEATURE:1cxx_override
    Feature record: CXX_FEATURE:1cxx_range_for
    Feature record: CXX_FEATURE:1cxx_raw_string_literals
    Feature record: CXX_FEATURE:1cxx_reference_qualified_functions
    Feature record: CXX_FEATURE:0cxx_relaxed_constexpr
    Feature record: CXX_FEATURE:0cxx_return_type_deduction
    Feature record: CXX_FEATURE:1cxx_right_angle_brackets
    Feature record: CXX_FEATURE:1cxx_rvalue_references
    Feature record: CXX_FEATURE:1cxx_sizeof_member
    Feature record: CXX_FEATURE:1cxx_static_assert
    Feature record: CXX_FEATURE:1cxx_strong_enums
    Feature record: CXX_FEATURE:1cxx_template_template_parameters
    Feature record: CXX_FEATURE:1cxx_thread_local
    Feature record: CXX_FEATURE:1cxx_trailing_return_types
    Feature record: CXX_FEATURE:1cxx_unicode_literals
    Feature record: CXX_FEATURE:1cxx_uniform_initialization
    Feature record: CXX_FEATURE:1cxx_unrestricted_unions
    Feature record: CXX_FEATURE:1cxx_user_literals
    Feature record: CXX_FEATURE:0cxx_variable_templates
    Feature record: CXX_FEATURE:1cxx_variadic_macros
    Feature record: CXX_FEATURE:1cxx_variadic_templates


Detecting CXX [-std=c++98] compiler features compiled with the following output:
Change Dir: /afs/cern.ch/user/m/mbarbone/private/test-regression/debug/CMakeFiles/CMakeTmp

Run Build Command:"/usr/bin/gmake" "cmTC_7f88e/fast"
/usr/bin/gmake -f CMakeFiles/cmTC_7f88e.dir/build.make CMakeFiles/cmTC_7f88e.dir/build
gmake[1]: Entering directory `/afs/cern.ch/user/m/mbarbone/private/test-regression/debug/CMakeFiles/CMakeTmp'
Building CXX object CMakeFiles/cmTC_7f88e.dir/feature_tests.cxx.o
/cvmfs/cms.cern.ch/slc7_amd64_gcc630/external/gcc/6.3.0/bin/c++    -std=c++98 -o CMakeFiles/cmTC_7f88e.dir/feature_tests.cxx.o -c /afs/cern.ch/user/m/mbarbone/private/test-regression/debug/CMakeFiles/feature_tests.cxx
Linking CXX executable cmTC_7f88e
/data/user/vkhriste/cmake-3.11.1-Linux-x86_64/bin/cmake -E cmake_link_script CMakeFiles/cmTC_7f88e.dir/link.txt --verbose=1
/cvmfs/cms.cern.ch/slc7_amd64_gcc630/external/gcc/6.3.0/bin/c++       CMakeFiles/cmTC_7f88e.dir/feature_tests.cxx.o  -o cmTC_7f88e 
gmake[1]: Leaving directory `/afs/cern.ch/user/m/mbarbone/private/test-regression/debug/CMakeFiles/CMakeTmp'


    Feature record: CXX_FEATURE:0cxx_aggregate_default_initializers
    Feature record: CXX_FEATURE:0cxx_alias_templates
    Feature record: CXX_FEATURE:0cxx_alignas
    Feature record: CXX_FEATURE:0cxx_alignof
    Feature record: CXX_FEATURE:0cxx_attributes
    Feature record: CXX_FEATURE:0cxx_attribute_deprecated
    Feature record: CXX_FEATURE:0cxx_auto_type
    Feature record: CXX_FEATURE:0cxx_binary_literals
    Feature record: CXX_FEATURE:0cxx_constexpr
    Feature record: CXX_FEATURE:0cxx_contextual_conversions
    Feature record: CXX_FEATURE:0cxx_decltype
    Feature record: CXX_FEATURE:0cxx_decltype_auto
    Feature record: CXX_FEATURE:0cxx_decltype_incomplete_return_types
    Feature record: CXX_FEATURE:0cxx_default_function_template_args
    Feature record: CXX_FEATURE:0cxx_defaulted_functions
    Feature record: CXX_FEATURE:0cxx_defaulted_move_initializers
    Feature record: CXX_FEATURE:0cxx_delegating_constructors
    Feature record: CXX_FEATURE:0cxx_deleted_functions
    Feature record: CXX_FEATURE:0cxx_digit_separators
    Feature record: CXX_FEATURE:0cxx_enum_forward_declarations
    Feature record: CXX_FEATURE:0cxx_explicit_conversions
    Feature record: CXX_FEATURE:0cxx_extended_friend_declarations
    Feature record: CXX_FEATURE:0cxx_extern_templates
    Feature record: CXX_FEATURE:0cxx_final
    Feature record: CXX_FEATURE:0cxx_func_identifier
    Feature record: CXX_FEATURE:0cxx_generalized_initializers
    Feature record: CXX_FEATURE:0cxx_generic_lambdas
    Feature record: CXX_FEATURE:0cxx_inheriting_constructors
    Feature record: CXX_FEATURE:0cxx_inline_namespaces
    Feature record: CXX_FEATURE:0cxx_lambdas
    Feature record: CXX_FEATURE:0cxx_lambda_init_captures
    Feature record: CXX_FEATURE:0cxx_local_type_template_args
    Feature record: CXX_FEATURE:0cxx_long_long_type
    Feature record: CXX_FEATURE:0cxx_noexcept
    Feature record: CXX_FEATURE:0cxx_nonstatic_member_init
    Feature record: CXX_FEATURE:0cxx_nullptr
    Feature record: CXX_FEATURE:0cxx_override
    Feature record: CXX_FEATURE:0cxx_range_for
    Feature record: CXX_FEATURE:0cxx_raw_string_literals
    Feature record: CXX_FEATURE:0cxx_reference_qualified_functions
    Feature record: CXX_FEATURE:0cxx_relaxed_constexpr
    Feature record: CXX_FEATURE:0cxx_return_type_deduction
    Feature record: CXX_FEATURE:0cxx_right_angle_brackets
    Feature record: CXX_FEATURE:0cxx_rvalue_references
    Feature record: CXX_FEATURE:0cxx_sizeof_member
    Feature record: CXX_FEATURE:0cxx_static_assert
    Feature record: CXX_FEATURE:0cxx_strong_enums
    Feature record: CXX_FEATURE:1cxx_template_template_parameters
    Feature record: CXX_FEATURE:0cxx_thread_local
    Feature record: CXX_FEATURE:0cxx_trailing_return_types
    Feature record: CXX_FEATURE:0cxx_unicode_literals
    Feature record: CXX_FEATURE:0cxx_uniform_initialization
    Feature record: CXX_FEATURE:0cxx_unrestricted_unions
    Feature record: CXX_FEATURE:0cxx_user_literals
    Feature record: CXX_FEATURE:0cxx_variable_templates
    Feature record: CXX_FEATURE:0cxx_variadic_macros
    Feature record: CXX_FEATURE:0cxx_variadic_templates
Determining if the include file pthread.h exists passed with the following output:
Change Dir: /afs/cern.ch/user/m/mbarbone/private/test-regression/debug/CMakeFiles/CMakeTmp

Run Build Command:"/usr/bin/gmake" "cmTC_75f74/fast"
/usr/bin/gmake -f CMakeFiles/cmTC_75f74.dir/build.make CMakeFiles/cmTC_75f74.dir/build
gmake[1]: Entering directory `/afs/cern.ch/user/m/mbarbone/private/test-regression/debug/CMakeFiles/CMakeTmp'
Building C object CMakeFiles/cmTC_75f74.dir/CheckIncludeFile.c.o
/cvmfs/cms.cern.ch/slc7_amd64_gcc630/external/gcc/6.3.0/bin/cc   -fPIC    -o CMakeFiles/cmTC_75f74.dir/CheckIncludeFile.c.o   -c /afs/cern.ch/user/m/mbarbone/private/test-regression/debug/CMakeFiles/CMakeTmp/CheckIncludeFile.c
Linking C executable cmTC_75f74
/data/user/vkhriste/cmake-3.11.1-Linux-x86_64/bin/cmake -E cmake_link_script CMakeFiles/cmTC_75f74.dir/link.txt --verbose=1
/cvmfs/cms.cern.ch/slc7_amd64_gcc630/external/gcc/6.3.0/bin/cc -fPIC     CMakeFiles/cmTC_75f74.dir/CheckIncludeFile.c.o  -o cmTC_75f74 
gmake[1]: Leaving directory `/afs/cern.ch/user/m/mbarbone/private/test-regression/debug/CMakeFiles/CMakeTmp'


Determining if the function pthread_create exists in the pthread passed with the following output:
Change Dir: /afs/cern.ch/user/m/mbarbone/private/test-regression/debug/CMakeFiles/CMakeTmp

Run Build Command:"/usr/bin/gmake" "cmTC_e66db/fast"
/usr/bin/gmake -f CMakeFiles/cmTC_e66db.dir/build.make CMakeFiles/cmTC_e66db.dir/build
gmake[1]: Entering directory `/afs/cern.ch/user/m/mbarbone/private/test-regression/debug/CMakeFiles/CMakeTmp'
Building C object CMakeFiles/cmTC_e66db.dir/CheckFunctionExists.c.o
/cvmfs/cms.cern.ch/slc7_amd64_gcc630/external/gcc/6.3.0/bin/cc   -fPIC -DCHECK_FUNCTION_EXISTS=pthread_create   -o CMakeFiles/cmTC_e66db.dir/CheckFunctionExists.c.o   -c /data/user/vkhriste/cmake-3.11.1-Linux-x86_64/share/cmake-3.11/Modules/CheckFunctionExists.c
Linking C executable cmTC_e66db
/data/user/vkhriste/cmake-3.11.1-Linux-x86_64/bin/cmake -E cmake_link_script CMakeFiles/cmTC_e66db.dir/link.txt --verbose=1
/cvmfs/cms.cern.ch/slc7_amd64_gcc630/external/gcc/6.3.0/bin/cc -fPIC -DCHECK_FUNCTION_EXISTS=pthread_create    CMakeFiles/cmTC_e66db.dir/CheckFunctionExists.c.o  -o cmTC_e66db -lpthread 
gmake[1]: Leaving directory `/afs/cern.ch/user/m/mbarbone/private/test-regression/debug/CMakeFiles/CMakeTmp'


Determining if the CL_VERSION_1_2 exist passed with the following output:
Change Dir: /afs/cern.ch/user/m/mbarbone/private/test-regression/debug/CMakeFiles/CMakeTmp

Run Build Command:"/usr/bin/gmake" "cmTC_8ed9f/fast"
/usr/bin/gmake -f CMakeFiles/cmTC_8ed9f.dir/build.make CMakeFiles/cmTC_8ed9f.dir/build
gmake[1]: Entering directory `/afs/cern.ch/user/m/mbarbone/private/test-regression/debug/CMakeFiles/CMakeTmp'
Building C object CMakeFiles/cmTC_8ed9f.dir/CheckSymbolExists.c.o
/cvmfs/cms.cern.ch/slc7_amd64_gcc630/external/gcc/6.3.0/bin/cc  -I/usr/local/cuda/include   -o CMakeFiles/cmTC_8ed9f.dir/CheckSymbolExists.c.o   -c /afs/cern.ch/user/m/mbarbone/private/test-regression/debug/CMakeFiles/CMakeTmp/CheckSymbolExists.c
Linking C executable cmTC_8ed9f
/data/user/vkhriste/cmake-3.11.1-Linux-x86_64/bin/cmake -E cmake_link_script CMakeFiles/cmTC_8ed9f.dir/link.txt --verbose=1
/cvmfs/cms.cern.ch/slc7_amd64_gcc630/external/gcc/6.3.0/bin/cc      CMakeFiles/cmTC_8ed9f.dir/CheckSymbolExists.c.o  -o cmTC_8ed9f 
gmake[1]: Leaving directory `/afs/cern.ch/user/m/mbarbone/private/test-regression/debug/CMakeFiles/CMakeTmp'

File /afs/cern.ch/user/m/mbarbone/private/test-regression/debug/CMakeFiles/CMakeTmp/CheckSymbolExists.c:
/* */
#include </usr/local/cuda/include/CL/cl.h>

int main(int argc, char** argv)
{
  (void)argv;
#ifndef CL_VERSION_1_2
  return ((int*)(&CL_VERSION_1_2))[argc];
#else
  (void)argc;
  return 0;
#endif
}

